<?xml version="1.0" encoding="UTF-8"?>
<!-- Generated by org.testng.reporters.JUnitXMLReporter -->
<testsuite ignored="0" hostname="Manoj" failures="0" tests="3" name="Default test" time="0.291" errors="0" timestamp="03 Jan 2025 09:00:23 GMT">
  <testcase classname="Tests.BaseTest" name="@BeforeMethod testInit" time="0.0">
    <failure type="org.testng.TestNGException" message="
Parameter &amp;apos;browser&amp;apos; is required by BeforeMethod on method testInit but has not been marked @Optional or defined
in C:\Users\HP\AppData\Local\Temp\testng-eclipse-1586701932\testng-customsuite.xml">
      <![CDATA[org.testng.TestNGException: 
Parameter 'browser' is required by BeforeMethod on method testInit but has not been marked @Optional or defined
in C:\Users\HP\AppData\Local\Temp\testng-eclipse-1586701932\testng-customsuite.xml
at org.testng.internal.Parameters.createParams(Parameters.java:290)
at org.testng.internal.Parameters.createParametersForMethod(Parameters.java:359)
at org.testng.internal.Parameters.createParameters(Parameters.java:620)
at org.testng.internal.Parameters.createConfigurationParameters(Parameters.java:190)
at org.testng.internal.Invoker.invokeConfigurations(Invoker.java:209)
at org.testng.internal.Invoker.invokeMethod(Invoker.java:520)
at org.testng.internal.Invoker.invokeTestMethod(Invoker.java:716)
at org.testng.internal.Invoker.invokeTestMethods(Invoker.java:988)
at org.testng.internal.TestMethodWorker.invokeTestMethods(TestMethodWorker.java:125)
at org.testng.internal.TestMethodWorker.run(TestMethodWorker.java:109)
at org.testng.TestRunner.privateRun(TestRunner.java:648)
at org.testng.TestRunner.run(TestRunner.java:505)
at org.testng.SuiteRunner.runTest(SuiteRunner.java:455)
at org.testng.SuiteRunner.runSequentially(SuiteRunner.java:450)
at org.testng.SuiteRunner.privateRun(SuiteRunner.java:415)
at org.testng.SuiteRunner.run(SuiteRunner.java:364)
at org.testng.SuiteRunnerWorker.runSuite(SuiteRunnerWorker.java:52)
at org.testng.SuiteRunnerWorker.run(SuiteRunnerWorker.java:84)
at org.testng.TestNG.runSuitesSequentially(TestNG.java:1208)
at org.testng.TestNG.runSuitesLocally(TestNG.java:1137)
at org.testng.TestNG.runSuites(TestNG.java:1049)
at org.testng.TestNG.run(TestNG.java:1017)
at org.testng.remote.AbstractRemoteTestNG.run(AbstractRemoteTestNG.java:115)
at org.testng.remote.RemoteTestNG.initAndRun(RemoteTestNG.java:293)
at org.testng.remote.RemoteTestNG.main(RemoteTestNG.java:91)
]]>
    </failure>
  </testcase> <!-- @BeforeMethod testInit -->
  <testcase classname="Tests.BaseTest" name="@AfterMethod testCleanup" time="0.0">
    <skipped/>
  </testcase> <!-- @AfterMethod testCleanup -->
  <testcase classname="Tests.BaseTest" name="@BeforeMethod testInit" time="0.0">
    <skipped/>
  </testcase> <!-- @BeforeMethod testInit -->
  <testcase classname="Tests.BaseTest" name="@AfterMethod testCleanup" time="0.0">
    <skipped/>
  </testcase> <!-- @AfterMethod testCleanup -->
  <testcase classname="Tests.BaseTest" name="@BeforeMethod testInit" time="0.0">
    <skipped/>
  </testcase> <!-- @BeforeMethod testInit -->
  <testcase classname="Tests.BaseTest" name="@AfterMethod testCleanup" time="0.0">
    <skipped/>
  </testcase> <!-- @AfterMethod testCleanup -->
  <testcase classname="Tests.NewUserRegistration" name="navigateToHomepage" time="0.0">
    <skipped/>
  </testcase> <!-- navigateToHomepage -->
  <testcase classname="Tests.NewUserRegistration" name="navigateToUserSignupPage" time="0.0">
    <skipped/>
  </testcase> <!-- navigateToUserSignupPage -->
  <testcase classname="Tests.NewUserRegistration" name="registerNewUser" time="0.0">
    <skipped/>
  </testcase> <!-- registerNewUser -->
</testsuite> <!-- Default test -->
