<?xml version="1.0" encoding="UTF-8"?>
<testng-results ignored="0" total="3" passed="2" failed="1" skipped="0">
  <reporter-output>
  </reporter-output>
  <suite started-at="2025-01-03T10:04:25Z" name="Suite" finished-at="2025-01-03T10:04:55Z" duration-ms="29548">
    <groups>
    </groups>
    <test started-at="2025-01-03T10:04:25Z" name="Navigate to home page" finished-at="2025-01-03T10:04:55Z" duration-ms="29548">
      <class name="Tests.NewUserRegistration">
        <test-method is-config="true" signature="testInit(java.lang.String, java.lang.String)[pri:0, instance:Tests.NewUserRegistration@188715b5]" started-at="2025-01-03T10:04:25Z" name="testInit" finished-at="2025-01-03T10:04:28Z" duration-ms="2283" status="PASS">
          <params>
            <param index="0">
              <value>
                <![CDATA[edge]]>
              </value>
            </param>
            <param index="1">
              <value>
                <![CDATA[true]]>
              </value>
            </param>
          </params>
          <reporter-output>
          </reporter-output>
        </test-method> <!-- testInit -->
        <test-method signature="navigateToHomepage()[pri:0, instance:Tests.NewUserRegistration@188715b5]" started-at="2025-01-03T10:04:28Z" name="navigateToHomepage" finished-at="2025-01-03T10:04:35Z" duration-ms="6793" status="PASS">
          <reporter-output>
          </reporter-output>
        </test-method> <!-- navigateToHomepage -->
        <test-method is-config="true" signature="testCleanup()[pri:0, instance:Tests.NewUserRegistration@188715b5]" started-at="2025-01-03T10:04:35Z" name="testCleanup" finished-at="2025-01-03T10:04:36Z" duration-ms="1339" status="PASS">
          <reporter-output>
          </reporter-output>
        </test-method> <!-- testCleanup -->
        <test-method is-config="true" signature="testInit(java.lang.String, java.lang.String)[pri:0, instance:Tests.NewUserRegistration@188715b5]" started-at="2025-01-03T10:04:36Z" name="testInit" finished-at="2025-01-03T10:04:37Z" duration-ms="1144" status="PASS">
          <params>
            <param index="0">
              <value>
                <![CDATA[edge]]>
              </value>
            </param>
            <param index="1">
              <value>
                <![CDATA[true]]>
              </value>
            </param>
          </params>
          <reporter-output>
          </reporter-output>
        </test-method> <!-- testInit -->
        <test-method signature="navigateToUserSignupPage()[pri:0, instance:Tests.NewUserRegistration@188715b5]" started-at="2025-01-03T10:04:37Z" name="navigateToUserSignupPage" finished-at="2025-01-03T10:04:45Z" duration-ms="7692" status="PASS">
          <reporter-output>
          </reporter-output>
        </test-method> <!-- navigateToUserSignupPage -->
        <test-method is-config="true" signature="testCleanup()[pri:0, instance:Tests.NewUserRegistration@188715b5]" started-at="2025-01-03T10:04:45Z" name="testCleanup" finished-at="2025-01-03T10:04:46Z" duration-ms="1272" status="PASS">
          <reporter-output>
          </reporter-output>
        </test-method> <!-- testCleanup -->
        <test-method is-config="true" signature="testInit(java.lang.String, java.lang.String)[pri:0, instance:Tests.NewUserRegistration@188715b5]" started-at="2025-01-03T10:04:46Z" name="testInit" finished-at="2025-01-03T10:04:47Z" duration-ms="815" status="PASS">
          <params>
            <param index="0">
              <value>
                <![CDATA[edge]]>
              </value>
            </param>
            <param index="1">
              <value>
                <![CDATA[true]]>
              </value>
            </param>
          </params>
          <reporter-output>
          </reporter-output>
        </test-method> <!-- testInit -->
        <test-method signature="registerNewUser(java.util.Map)[pri:0, instance:Tests.NewUserRegistration@188715b5]" started-at="2025-01-03T10:04:47Z" name="registerNewUser" data-provider="dataProvider1" finished-at="2025-01-03T10:04:53Z" duration-ms="6345" status="FAIL">
          <params>
            <param index="0">
              <value>
                <![CDATA[{firstname=, password=, email=, lastname=}]]>
              </value>
            </param>
          </params>
          <exception class="java.lang.AssertionError">
            <message>
              <![CDATA[expected [My Account] but found [Create New Customer Account]]]>
            </message>
            <full-stacktrace>
              <![CDATA[java.lang.AssertionError: expected [My Account] but found [Create New Customer Account]
at org.testng.Assert.fail(Assert.java:96)
at org.testng.Assert.failNotEquals(Assert.java:776)
at org.testng.Assert.assertEqualsImpl(Assert.java:137)
at org.testng.Assert.assertEquals(Assert.java:118)
at org.testng.Assert.assertEquals(Assert.java:453)
at org.testng.Assert.assertEquals(Assert.java:463)
at Tests.NewUserRegistration.registerNewUser(NewUserRegistration.java:44)
at java.base/jdk.internal.reflect.DirectMethodHandleAccessor.invoke(DirectMethodHandleAccessor.java:103)
at java.base/java.lang.reflect.Method.invoke(Method.java:580)
at org.testng.internal.MethodInvocationHelper.invokeMethod(MethodInvocationHelper.java:124)
at org.testng.internal.Invoker.invokeMethod(Invoker.java:580)
at org.testng.internal.Invoker.invokeTestMethod(Invoker.java:716)
at org.testng.internal.Invoker.invokeTestMethods(Invoker.java:988)
at org.testng.internal.TestMethodWorker.invokeTestMethods(TestMethodWorker.java:125)
at org.testng.internal.TestMethodWorker.run(TestMethodWorker.java:109)
at org.testng.TestRunner.privateRun(TestRunner.java:648)
at org.testng.TestRunner.run(TestRunner.java:505)
at org.testng.SuiteRunner.runTest(SuiteRunner.java:455)
at org.testng.SuiteRunner.runSequentially(SuiteRunner.java:450)
at org.testng.SuiteRunner.privateRun(SuiteRunner.java:415)
at org.testng.SuiteRunner.run(SuiteRunner.java:364)
at org.testng.SuiteRunnerWorker.runSuite(SuiteRunnerWorker.java:52)
at org.testng.SuiteRunnerWorker.run(SuiteRunnerWorker.java:84)
at org.testng.TestNG.runSuitesSequentially(TestNG.java:1208)
at org.testng.TestNG.runSuitesLocally(TestNG.java:1137)
at org.testng.TestNG.runSuites(TestNG.java:1049)
at org.testng.TestNG.run(TestNG.java:1017)
at org.testng.remote.AbstractRemoteTestNG.run(AbstractRemoteTestNG.java:115)
at org.testng.remote.RemoteTestNG.initAndRun(RemoteTestNG.java:293)
at org.testng.remote.RemoteTestNG.main(RemoteTestNG.java:91)
]]>
            </full-stacktrace>
          </exception> <!-- java.lang.AssertionError -->
          <reporter-output>
          </reporter-output>
        </test-method> <!-- registerNewUser -->
        <test-method is-config="true" signature="testCleanup()[pri:0, instance:Tests.NewUserRegistration@188715b5]" started-at="2025-01-03T10:04:53Z" name="testCleanup" finished-at="2025-01-03T10:04:55Z" duration-ms="1642" status="PASS">
          <reporter-output>
          </reporter-output>
        </test-method> <!-- testCleanup -->
      </class> <!-- Tests.NewUserRegistration -->
    </test> <!-- Navigate to home page -->
  </suite> <!-- Suite -->
</testng-results>
